<?xml version="1.0" encoding="UTF-8"?>
<testsuite name="com.polarbookshop.catalogservice.domain.BookRepositoryJdbcTests" tests="6" skipped="0" failures="0" errors="0" timestamp="2023-02-06T16:58:58" hostname="Sagirs-Mac-mini.local" time="0.05">
  <properties/>
  <testcase name="find_book_by_isbn_when_not_existing()" classname="com.polarbookshop.catalogservice.domain.BookRepositoryJdbcTests" time="0.008"/>
  <testcase name="exists_by_isbn_when_existing()" classname="com.polarbookshop.catalogservice.domain.BookRepositoryJdbcTests" time="0.008"/>
  <testcase name="delete_by_isbn()" classname="com.polarbookshop.catalogservice.domain.BookRepositoryJdbcTests" time="0.008"/>
  <testcase name="exists_by_isbn_when_not_existing()" classname="com.polarbookshop.catalogservice.domain.BookRepositoryJdbcTests" time="0.003"/>
  <testcase name="find_book_by_isbn_when_existing()" classname="com.polarbookshop.catalogservice.domain.BookRepositoryJdbcTests" time="0.006"/>
  <testcase name="findAllBooks()" classname="com.polarbookshop.catalogservice.domain.BookRepositoryJdbcTests" time="0.013"/>
  <system-out><![CDATA[2023-02-06T22:28:58.391+05:30  INFO 53684 --- [    Test worker] t.c.s.AnnotationConfigContextLoaderUtils : Could not detect default configuration classes for test class [com.polarbookshop.catalogservice.domain.BookRepositoryJdbcTests]: BookRepositoryJdbcTests does not declare any static, non-private, non-final, nested classes annotated with @Configuration.
2023-02-06T22:28:58.398+05:30  INFO 53684 --- [    Test worker] .b.t.c.SpringBootTestContextBootstrapper : Found @SpringBootConfiguration com.polarbookshop.catalogservice.CatalogServiceApplication for test class com.polarbookshop.catalogservice.domain.BookRepositoryJdbcTests

  .   ____          _            __ _ _
 /\\ / ___'_ __ _ _(_)_ __  __ _ \ \ \ \
( ( )\___ | '_ | '_| | '_ \/ _` | \ \ \ \
 \\/  ___)| |_)| | | | | || (_| |  ) ) ) )
  '  |____| .__|_| |_|_| |_\__, | / / / /
 =========|_|==============|___/=/_/_/_/
 :: Spring Boot ::                (v3.0.2)

2023-02-06T22:28:58.421+05:30  INFO 53684 --- [    Test worker] c.p.c.domain.BookRepositoryJdbcTests     : Starting BookRepositoryJdbcTests using Java 17.0.2 with PID 53684 (started by sagiransari in /Users/sagiransari/Documents/cloud-native/catalog-service)
2023-02-06T22:28:58.421+05:30  INFO 53684 --- [    Test worker] c.p.c.domain.BookRepositoryJdbcTests     : The following 1 profile is active: "integration"
2023-02-06T22:28:58.422+05:30  INFO 53684 --- [    Test worker] o.s.c.c.c.ConfigServerConfigDataLoader   : Fetching config from server at : http://localhost:8888
2023-02-06T22:28:58.422+05:30  INFO 53684 --- [    Test worker] o.s.c.c.c.ConfigServerConfigDataLoader   : Connect Timeout Exception on Url - http://localhost:8888. Will try the next url if available
2023-02-06T22:28:58.422+05:30  WARN 53684 --- [    Test worker] o.s.c.c.c.ConfigServerConfigDataLoader   : Could not locate PropertySource ([ConfigServerConfigDataResource@19d85bbe uris = array<String>['http://localhost:8888'], optional = true, profiles = list['integration']]): I/O error on GET request for "http://localhost:8888/catalog-service/integration": Connection refused
2023-02-06T22:28:58.451+05:30  INFO 53684 --- [    Test worker] .s.d.r.c.RepositoryConfigurationDelegate : Bootstrapping Spring Data JDBC repositories in DEFAULT mode.
2023-02-06T22:28:58.454+05:30  INFO 53684 --- [    Test worker] .s.d.r.c.RepositoryConfigurationDelegate : Finished Spring Data repository scanning in 2 ms. Found 1 JDBC repository interfaces.
2023-02-06T22:28:58.477+05:30  INFO 53684 --- [    Test worker] com.zaxxer.hikari.HikariDataSource       : HikariPool-2 - Starting...
2023-02-06T22:28:58.500+05:30  INFO 53684 --- [    Test worker] com.zaxxer.hikari.pool.HikariPool        : HikariPool-2 - Added connection org.testcontainers.jdbc.ConnectionWrapper@22e8f04c
2023-02-06T22:28:58.500+05:30  INFO 53684 --- [    Test worker] com.zaxxer.hikari.HikariDataSource       : HikariPool-2 - Start completed.
2023-02-06T22:28:58.502+05:30  INFO 53684 --- [    Test worker] o.f.c.i.database.base.BaseDatabaseType   : Database: jdbc:postgresql://localhost:56013/test (PostgreSQL 14.4)
2023-02-06T22:28:58.514+05:30  INFO 53684 --- [    Test worker] o.f.core.internal.command.DbValidate     : Successfully validated 2 migrations (execution time 00:00.005s)
2023-02-06T22:28:58.541+05:30  INFO 53684 --- [    Test worker] o.f.core.internal.command.DbMigrate      : Current version of schema "public": 2
2023-02-06T22:28:58.541+05:30  INFO 53684 --- [    Test worker] o.f.core.internal.command.DbMigrate      : Schema "public" is up to date. No migration necessary.
2023-02-06T22:28:58.563+05:30  INFO 53684 --- [    Test worker] c.p.c.domain.BookRepositoryJdbcTests     : Started BookRepositoryJdbcTests in 0.163 seconds (process running for 5.337)
]]></system-out>
  <system-err><![CDATA[]]></system-err>
</testsuite>
