<?xml version="1.0" encoding="UTF-8"?>
<testsuite name="com.polarbookshop.catalogservice.domain.BookRepositoryJdbcTests" tests="6" skipped="0" failures="0" errors="0" timestamp="2023-02-03T05:22:17" hostname="Sagirs-Mac-mini.local" time="0.049">
  <properties/>
  <testcase name="find_book_by_isbn_when_not_existing()" classname="com.polarbookshop.catalogservice.domain.BookRepositoryJdbcTests" time="0.01"/>
  <testcase name="exists_by_isbn_when_existing()" classname="com.polarbookshop.catalogservice.domain.BookRepositoryJdbcTests" time="0.009"/>
  <testcase name="delete_by_isbn()" classname="com.polarbookshop.catalogservice.domain.BookRepositoryJdbcTests" time="0.008"/>
  <testcase name="exists_by_isbn_when_not_existing()" classname="com.polarbookshop.catalogservice.domain.BookRepositoryJdbcTests" time="0.003"/>
  <testcase name="find_book_by_isbn_when_existing()" classname="com.polarbookshop.catalogservice.domain.BookRepositoryJdbcTests" time="0.006"/>
  <testcase name="findAllBooks()" classname="com.polarbookshop.catalogservice.domain.BookRepositoryJdbcTests" time="0.012"/>
  <system-out><![CDATA[2023-02-03T10:52:17.412+05:30  INFO 16209 --- [    Test worker] t.c.s.AnnotationConfigContextLoaderUtils : Could not detect default configuration classes for test class [com.polarbookshop.catalogservice.domain.BookRepositoryJdbcTests]: BookRepositoryJdbcTests does not declare any static, non-private, non-final, nested classes annotated with @Configuration.
2023-02-03T10:52:17.418+05:30  INFO 16209 --- [    Test worker] .b.t.c.SpringBootTestContextBootstrapper : Found @SpringBootConfiguration com.polarbookshop.catalogservice.CatalogServiceApplication for test class com.polarbookshop.catalogservice.domain.BookRepositoryJdbcTests

  .   ____          _            __ _ _
 /\\ / ___'_ __ _ _(_)_ __  __ _ \ \ \ \
( ( )\___ | '_ | '_| | '_ \/ _` | \ \ \ \
 \\/  ___)| |_)| | | | | || (_| |  ) ) ) )
  '  |____| .__|_| |_|_| |_\__, | / / / /
 =========|_|==============|___/=/_/_/_/
 :: Spring Boot ::                (v3.0.2)

2023-02-03T10:52:17.439+05:30  INFO 16209 --- [    Test worker] c.p.c.domain.BookRepositoryJdbcTests     : Starting BookRepositoryJdbcTests using Java 17.0.2 with PID 16209 (started by sagiransari in /Users/sagiransari/Documents/cloud-native/catalog-service)
2023-02-03T10:52:17.439+05:30  INFO 16209 --- [    Test worker] c.p.c.domain.BookRepositoryJdbcTests     : The following 1 profile is active: "integration"
2023-02-03T10:52:17.440+05:30  INFO 16209 --- [    Test worker] o.s.c.c.c.ConfigServerConfigDataLoader   : Fetching config from server at : http://localhost:8888
2023-02-03T10:52:17.440+05:30  INFO 16209 --- [    Test worker] o.s.c.c.c.ConfigServerConfigDataLoader   : Connect Timeout Exception on Url - http://localhost:8888. Will try the next url if available
2023-02-03T10:52:17.440+05:30  WARN 16209 --- [    Test worker] o.s.c.c.c.ConfigServerConfigDataLoader   : Could not locate PropertySource ([ConfigServerConfigDataResource@3f3e6c03 uris = array<String>['http://localhost:8888'], optional = true, profiles = list['integration']]): I/O error on GET request for "http://localhost:8888/catalog-service/integration": Connection refused
2023-02-03T10:52:17.473+05:30  INFO 16209 --- [    Test worker] .s.d.r.c.RepositoryConfigurationDelegate : Bootstrapping Spring Data JDBC repositories in DEFAULT mode.
2023-02-03T10:52:17.477+05:30  INFO 16209 --- [    Test worker] .s.d.r.c.RepositoryConfigurationDelegate : Finished Spring Data repository scanning in 3 ms. Found 1 JDBC repository interfaces.
2023-02-03T10:52:17.489+05:30  INFO 16209 --- [    Test worker] com.zaxxer.hikari.HikariDataSource       : HikariPool-2 - Starting...
2023-02-03T10:52:17.524+05:30  INFO 16209 --- [    Test worker] com.zaxxer.hikari.pool.HikariPool        : HikariPool-2 - Added connection org.testcontainers.jdbc.ConnectionWrapper@6f8c6694
2023-02-03T10:52:17.524+05:30  INFO 16209 --- [    Test worker] com.zaxxer.hikari.HikariDataSource       : HikariPool-2 - Start completed.
2023-02-03T10:52:17.545+05:30  INFO 16209 --- [    Test worker] c.p.c.domain.BookRepositoryJdbcTests     : Started BookRepositoryJdbcTests in 0.125 seconds (process running for 4.868)
]]></system-out>
  <system-err><![CDATA[]]></system-err>
</testsuite>
