<?xml version="1.0" encoding="UTF-8"?>
<testsuite name="com.polarbookshop.catalogservice.domain.BookValidationTest" tests="8" skipped="0" failures="0" errors="0" timestamp="2023-02-03T05:22:17" hostname="Sagirs-Mac-mini.local" time="0.01">
  <properties/>
  <testcase name="when_price_defined_but_negative_then_validation_fails()" classname="com.polarbookshop.catalogservice.domain.BookValidationTest" time="0.007"/>
  <testcase name="when_field_are_not_correct()" classname="com.polarbookshop.catalogservice.domain.BookValidationTest" time="0.0"/>
  <testcase name="when_price_is_defined_but_zero_then_validation_fails()" classname="com.polarbookshop.catalogservice.domain.BookValidationTest" time="0.0"/>
  <testcase name="when_author_is_not_defined_then_validation_fails()" classname="com.polarbookshop.catalogservice.domain.BookValidationTest" time="0.0"/>
  <testcase name="when_isin_not_define_validation_fails()" classname="com.polarbookshop.catalogservice.domain.BookValidationTest" time="0.001"/>
  <testcase name="when_title_is_not_defined_then_validation_fails()" classname="com.polarbookshop.catalogservice.domain.BookValidationTest" time="0.0"/>
  <testcase name="when_price_is_not_defined_then_validation_fails()" classname="com.polarbookshop.catalogservice.domain.BookValidationTest" time="0.001"/>
  <testcase name="when_field_are_correct()" classname="com.polarbookshop.catalogservice.domain.BookValidationTest" time="0.0"/>
  <system-out><![CDATA[]]></system-out>
  <system-err><![CDATA[]]></system-err>
</testsuite>
