<?xml version="1.0" encoding="UTF-8"?>
<testsuite name="com.polarbookshop.catalogservice.web.BookControllerMvcTest" tests="1" skipped="0" failures="0" errors="0" timestamp="2023-02-03T05:22:17" hostname="Sagirs-Mac-mini.local" time="0.009">
  <properties/>
  <testcase name="test_when_book_not_existing_then_return_404()" classname="com.polarbookshop.catalogservice.web.BookControllerMvcTest" time="0.009"/>
  <system-out><![CDATA[2023-02-03T10:52:17.675+05:30  INFO 16209 --- [    Test worker] t.c.s.AnnotationConfigContextLoaderUtils : Could not detect default configuration classes for test class [com.polarbookshop.catalogservice.web.BookControllerMvcTest]: BookControllerMvcTest does not declare any static, non-private, non-final, nested classes annotated with @Configuration.
2023-02-03T10:52:17.680+05:30  INFO 16209 --- [    Test worker] .b.t.c.SpringBootTestContextBootstrapper : Found @SpringBootConfiguration com.polarbookshop.catalogservice.CatalogServiceApplication for test class com.polarbookshop.catalogservice.web.BookControllerMvcTest

  .   ____          _            __ _ _
 /\\ / ___'_ __ _ _(_)_ __  __ _ \ \ \ \
( ( )\___ | '_ | '_| | '_ \/ _` | \ \ \ \
 \\/  ___)| |_)| | | | | || (_| |  ) ) ) )
  '  |____| .__|_| |_|_| |_\__, | / / / /
 =========|_|==============|___/=/_/_/_/
 :: Spring Boot ::                (v3.0.2)

2023-02-03T10:52:17.702+05:30  INFO 16209 --- [    Test worker] c.p.c.web.BookControllerMvcTest          : Starting BookControllerMvcTest using Java 17.0.2 with PID 16209 (started by sagiransari in /Users/sagiransari/Documents/cloud-native/catalog-service)
2023-02-03T10:52:17.702+05:30  INFO 16209 --- [    Test worker] c.p.c.web.BookControllerMvcTest          : No active profile set, falling back to 1 default profile: "default"
2023-02-03T10:52:17.702+05:30  INFO 16209 --- [    Test worker] o.s.c.c.c.ConfigServerConfigDataLoader   : Fetching config from server at : http://localhost:8888
2023-02-03T10:52:17.702+05:30  INFO 16209 --- [    Test worker] o.s.c.c.c.ConfigServerConfigDataLoader   : Connect Timeout Exception on Url - http://localhost:8888. Will try the next url if available
2023-02-03T10:52:17.702+05:30  WARN 16209 --- [    Test worker] o.s.c.c.c.ConfigServerConfigDataLoader   : Could not locate PropertySource ([ConfigServerConfigDataResource@5dd3841 uris = array<String>['http://localhost:8888'], optional = true, profiles = list['default']]): I/O error on GET request for "http://localhost:8888/catalog-service/default": Connection refused
2023-02-03T10:52:17.783+05:30  INFO 16209 --- [    Test worker] o.s.b.t.m.w.SpringBootMockServletContext : Initializing Spring TestDispatcherServlet ''
2023-02-03T10:52:17.783+05:30  INFO 16209 --- [    Test worker] o.s.t.web.servlet.TestDispatcherServlet  : Initializing Servlet ''
2023-02-03T10:52:17.783+05:30  INFO 16209 --- [    Test worker] o.s.t.web.servlet.TestDispatcherServlet  : Completed initialization in 0 ms
2023-02-03T10:52:17.788+05:30  INFO 16209 --- [    Test worker] c.p.c.web.BookControllerMvcTest          : Started BookControllerMvcTest in 0.104 seconds (process running for 5.111)
]]></system-out>
  <system-err><![CDATA[]]></system-err>
</testsuite>
